[2019-10-28T18:35:36+08:00][ info ] [ LANG ] D:\site\layui\thinkphp\lang\zh-cn.php
info
[2019-10-28T18:36:52+08:00][ info ] [ LANG ] D:\site\layui\thinkphp\lang\zh-cn.php
info
[2019-10-28T18:38:14+08:00][ info ] [ LANG ] D:\site\layui\thinkphp\lang\zh-cn.php
info
[2019-10-28T18:38:25+08:00][ info ] [ LANG ] D:\site\layui\thinkphp\lang\zh-cn.php
info
[2019-10-28T18:39:08+08:00][ info ] [ LANG ] D:\site\layui\thinkphp\lang\zh-cn.php
info
[2019-10-28T18:46:36+08:00][ info ] [ LANG ] D:\site\layui\thinkphp\lang\zh-cn.php
info
[2019-10-28T18:46:36+08:00][ info ] [ ROUTE ] array (
)
info
[2019-10-28T18:46:36+08:00][ info ] [ HEADER ] array (
)
info
[2019-10-28T18:46:36+08:00][ info ] [ PARAM ] array (
)
info
[2019-10-28T18:46:41+08:00][ info ] [ LANG ] D:\site\layui\thinkphp\lang\zh-cn.php
info
[2019-10-28T18:46:41+08:00][ info ] [ ROUTE ] array (
)
info
[2019-10-28T18:46:41+08:00][ info ] [ HEADER ] array (
)
info
[2019-10-28T18:46:41+08:00][ info ] [ PARAM ] array (
)
info
[2019-10-28T18:47:41+08:00][ info ] [ LANG ] D:\site\layui\thinkphp\lang\zh-cn.php
info
[2019-10-28T18:47:41+08:00][ info ] [ ROUTE ] array (
)
info
[2019-10-28T18:47:41+08:00][ info ] [ HEADER ] array (
)
info
[2019-10-28T18:47:41+08:00][ info ] [ PARAM ] array (
)
info
[2019-10-28T18:48:27+08:00][ info ] [ LANG ] D:\site\layui\thinkphp\lang\zh-cn.php
info
[2019-10-28T18:48:27+08:00][ info ] [ ROUTE ] array (
)
info
[2019-10-28T18:48:27+08:00][ info ] [ HEADER ] array (
)
info
[2019-10-28T18:48:27+08:00][ info ] [ PARAM ] array (
)
info
[2019-10-28T18:56:54+08:00][ info ] [ LANG ] D:\site\layui\thinkphp\lang\zh-cn.php
info
[2019-10-28T18:56:58+08:00][ info ] [ LANG ] D:\site\layui\thinkphp\lang\zh-cn.php
info
[2019-10-28T18:56:58+08:00][ info ] [ ROUTE ] array (
)
info
[2019-10-28T18:56:58+08:00][ info ] [ HEADER ] array (
)
info
[2019-10-28T18:56:58+08:00][ info ] [ PARAM ] array (
)
info
[2019-10-28T19:01:19+08:00][ info ] [ LANG ] D:\site\layui\thinkphp\lang\zh-cn.php
info
[2019-10-28T19:01:19+08:00][ info ] [ ROUTE ] array (
)
info
[2019-10-28T19:01:19+08:00][ info ] [ HEADER ] array (
)
info
[2019-10-28T19:01:19+08:00][ info ] [ PARAM ] array (
)
info
[2019-10-28T19:02:07+08:00][ info ] [ LANG ] D:\site\layui\thinkphp\lang\zh-cn.php
info
[2019-10-28T19:02:07+08:00][ info ] [ ROUTE ] array (
)
info
[2019-10-28T19:02:07+08:00][ info ] [ HEADER ] array (
)
info
[2019-10-28T19:02:07+08:00][ info ] [ PARAM ] array (
)
info
[2019-10-28T19:14:43+08:00][ info ] [ LANG ] D:\site\layui\thinkphp\lang\zh-cn.php
info
[2019-10-28T19:22:55+08:00][ info ] [ LANG ] D:\site\layui\thinkphp\lang\zh-cn.php
info
[2019-10-28T19:22:55+08:00][ info ] [ ROUTE ] array (
)
info
[2019-10-28T19:22:55+08:00][ info ] [ HEADER ] array (
)
info
[2019-10-28T19:22:55+08:00][ info ] [ PARAM ] array (
)
info
[2019-10-28T19:23:11+08:00][ info ] [ LANG ] D:\site\layui\thinkphp\lang\zh-cn.php
info
[2019-10-28T19:23:11+08:00][ info ] [ ROUTE ] array (
)
info
[2019-10-28T19:23:11+08:00][ info ] [ HEADER ] array (
)
info
[2019-10-28T19:23:11+08:00][ info ] [ PARAM ] array (
)
info
[2019-10-28T19:23:22+08:00][ info ] [ LANG ] D:\site\layui\thinkphp\lang\zh-cn.php
info
[2019-10-28T19:23:22+08:00][ info ] [ ROUTE ] array (
)
info
[2019-10-28T19:23:22+08:00][ info ] [ HEADER ] array (
)
info
[2019-10-28T19:23:22+08:00][ info ] [ PARAM ] array (
)
info
[2019-10-28T19:24:15+08:00][ info ] [ LANG ] D:\site\layui\thinkphp\lang\zh-cn.php
info
[2019-10-28T19:24:15+08:00][ info ] [ ROUTE ] array (
)
info
[2019-10-28T19:24:15+08:00][ info ] [ HEADER ] array (
)
info
[2019-10-28T19:24:15+08:00][ info ] [ PARAM ] array (
)
info
[2019-10-28T19:24:42+08:00][ info ] [ LANG ] D:\site\layui\thinkphp\lang\zh-cn.php
info
[2019-10-28T19:24:42+08:00][ info ] [ ROUTE ] array (
)
info
[2019-10-28T19:24:42+08:00][ info ] [ HEADER ] array (
)
info
[2019-10-28T19:24:42+08:00][ info ] [ PARAM ] array (
)
info
[2019-10-28T19:25:02+08:00][ info ] [ LANG ] D:\site\layui\thinkphp\lang\zh-cn.php
info
[2019-10-28T19:25:02+08:00][ info ] [ ROUTE ] array (
)
info
[2019-10-28T19:25:02+08:00][ info ] [ HEADER ] array (
)
info
[2019-10-28T19:25:02+08:00][ info ] [ PARAM ] array (
)
info
[2019-10-28T19:26:08+08:00][ info ] [ LANG ] D:\site\layui\thinkphp\lang\zh-cn.php
info
[2019-10-28T19:26:08+08:00][ info ] [ ROUTE ] array (
)
info
[2019-10-28T19:26:08+08:00][ info ] [ HEADER ] array (
)
info
[2019-10-28T19:26:08+08:00][ info ] [ PARAM ] array (
)
info
[2019-10-28T19:26:52+08:00][ info ] [ LANG ] D:\site\layui\thinkphp\lang\zh-cn.php
info
[2019-10-28T19:26:52+08:00][ info ] [ ROUTE ] array (
)
info
[2019-10-28T19:26:52+08:00][ info ] [ HEADER ] array (
)
info
[2019-10-28T19:26:52+08:00][ info ] [ PARAM ] array (
)
info
[2019-10-28T19:29:36+08:00][ info ] [ LANG ] D:\site\layui\thinkphp\lang\zh-cn.php
info
[2019-10-28T19:29:36+08:00][ info ] [ ROUTE ] array (
)
info
[2019-10-28T19:29:36+08:00][ info ] [ HEADER ] array (
)
info
[2019-10-28T19:29:36+08:00][ info ] [ PARAM ] array (
)
info
[2019-10-28T19:31:38+08:00][ info ] [ LANG ] D:\site\layui\thinkphp\lang\zh-cn.php
info
[2019-10-28T19:31:38+08:00][ info ] [ ROUTE ] array (
)
info
[2019-10-28T19:31:38+08:00][ info ] [ HEADER ] array (
)
info
[2019-10-28T19:31:38+08:00][ info ] [ PARAM ] array (
)
info
[2019-10-28T19:32:09+08:00][ info ] [ LANG ] D:\site\layui\thinkphp\lang\zh-cn.php
info
[2019-10-28T19:32:09+08:00][ info ] [ ROUTE ] array (
)
info
[2019-10-28T19:32:09+08:00][ info ] [ HEADER ] array (
)
info
[2019-10-28T19:32:09+08:00][ info ] [ PARAM ] array (
)
info
[2019-10-28T19:32:09+08:00][ info ] [ LANG ] D:\site\layui\thinkphp\lang\zh-cn.php
info
[2019-10-28T19:32:09+08:00][ info ] [ ROUTE ] array (
)
info
[2019-10-28T19:32:09+08:00][ info ] [ HEADER ] array (
)
info
[2019-10-28T19:32:09+08:00][ info ] [ PARAM ] array (
)
info
[2019-10-28T19:38:07+08:00][ info ] [ LANG ] D:\site\layui\thinkphp\lang\zh-cn.php
info
[2019-10-28T19:38:07+08:00][ info ] [ ROUTE ] array (
)
info
[2019-10-28T19:38:07+08:00][ info ] [ HEADER ] array (
)
info
[2019-10-28T19:38:07+08:00][ info ] [ PARAM ] array (
)
info
[2019-10-28T19:38:57+08:00][ info ] [ LANG ] D:\site\layui\thinkphp\lang\zh-cn.php
info
[2019-10-28T19:38:57+08:00][ info ] [ ROUTE ] array (
)
info
[2019-10-28T19:38:57+08:00][ info ] [ HEADER ] array (
)
info
[2019-10-28T19:38:57+08:00][ info ] [ PARAM ] array (
)
info
[2019-10-28T19:44:17+08:00][ info ] [ LANG ] D:\site\layui\thinkphp\lang\zh-cn.php
info
[2019-10-28T19:44:17+08:00][ info ] [ ROUTE ] array (
)
info
[2019-10-28T19:44:17+08:00][ info ] [ HEADER ] array (
)
info
[2019-10-28T19:44:17+08:00][ info ] [ PARAM ] array (
)
info
[2019-10-28T19:44:37+08:00][ info ] [ LANG ] D:\site\layui\thinkphp\lang\zh-cn.php
info
[2019-10-28T19:44:37+08:00][ info ] [ ROUTE ] array (
)
info
[2019-10-28T19:44:37+08:00][ info ] [ HEADER ] array (
)
info
[2019-10-28T19:44:37+08:00][ info ] [ PARAM ] array (
)
info
[2019-10-28T19:45:01+08:00][ info ] [ LANG ] D:\site\layui\thinkphp\lang\zh-cn.php
info
[2019-10-28T19:45:01+08:00][ info ] [ ROUTE ] array (
)
info
[2019-10-28T19:45:01+08:00][ info ] [ HEADER ] array (
)
info
[2019-10-28T19:45:01+08:00][ info ] [ PARAM ] array (
)
info
[2019-10-28T19:49:40+08:00][ info ] [ LANG ] D:\site\layui\thinkphp\lang\zh-cn.php
info
[2019-10-28T19:49:40+08:00][ info ] [ ROUTE ] array (
)
info
[2019-10-28T19:49:40+08:00][ info ] [ HEADER ] array (
)
info
[2019-10-28T19:49:40+08:00][ info ] [ PARAM ] array (
)
info
[2019-10-28T19:49:46+08:00][ info ] [ LANG ] D:\site\layui\thinkphp\lang\zh-cn.php
info
[2019-10-28T19:49:46+08:00][ info ] [ ROUTE ] array (
)
info
[2019-10-28T19:49:46+08:00][ info ] [ HEADER ] array (
)
info
[2019-10-28T19:49:46+08:00][ info ] [ PARAM ] array (
)
info
[2019-10-28T19:49:51+08:00][ info ] [ LANG ] D:\site\layui\thinkphp\lang\zh-cn.php
info
[2019-10-28T19:49:51+08:00][ info ] [ ROUTE ] array (
)
info
[2019-10-28T19:49:51+08:00][ info ] [ HEADER ] array (
)
info
[2019-10-28T19:49:51+08:00][ info ] [ PARAM ] array (
)
info
[2019-10-28T19:54:10+08:00][ info ] [ LANG ] D:\site\layui\thinkphp\lang\zh-cn.php
info
[2019-10-28T19:54:10+08:00][ info ] [ ROUTE ] array (
)
info
[2019-10-28T19:54:10+08:00][ info ] [ HEADER ] array (
)
info
[2019-10-28T19:54:10+08:00][ info ] [ PARAM ] array (
)
info
[2019-10-28T19:54:58+08:00][ info ] [ LANG ] D:\site\layui\thinkphp\lang\zh-cn.php
info
[2019-10-28T19:54:58+08:00][ info ] [ ROUTE ] array (
)
info
[2019-10-28T19:54:58+08:00][ info ] [ HEADER ] array (
)
info
[2019-10-28T19:54:58+08:00][ info ] [ PARAM ] array (
)
info
[2019-10-28T19:55:06+08:00][ info ] [ LANG ] D:\site\layui\thinkphp\lang\zh-cn.php
info
[2019-10-28T19:55:06+08:00][ info ] [ ROUTE ] array (
)
info
[2019-10-28T19:55:06+08:00][ info ] [ HEADER ] array (
)
info
[2019-10-28T19:55:06+08:00][ info ] [ PARAM ] array (
)
info
[2019-10-28T19:59:57+08:00][ info ] [ LANG ] D:\site\layui\thinkphp\lang\zh-cn.php
info
[2019-10-28T19:59:57+08:00][ info ] [ ROUTE ] array (
)
info
[2019-10-28T19:59:57+08:00][ info ] [ HEADER ] array (
)
info
[2019-10-28T19:59:57+08:00][ info ] [ PARAM ] array (
)
info
[2019-10-28T20:09:55+08:00][ info ] [ LANG ] D:\site\layui\thinkphp\lang\zh-cn.php
info
[2019-10-28T20:09:55+08:00][ info ] [ ROUTE ] array (
)
info
[2019-10-28T20:09:55+08:00][ info ] [ HEADER ] array (
)
info
[2019-10-28T20:09:55+08:00][ info ] [ PARAM ] array (
)
info
[2019-10-28T20:15:13+08:00][ info ] [ LANG ] D:\site\layui\thinkphp\lang\zh-cn.php
info
[2019-10-28T20:15:13+08:00][ info ] [ ROUTE ] array (
)
info
[2019-10-28T20:15:13+08:00][ info ] [ HEADER ] array (
)
info
[2019-10-28T20:15:13+08:00][ info ] [ PARAM ] array (
)
info
[2019-10-28T20:15:17+08:00][ info ] [ LANG ] D:\site\layui\thinkphp\lang\zh-cn.php
info
[2019-10-28T20:15:17+08:00][ info ] [ ROUTE ] array (
)
info
[2019-10-28T20:15:17+08:00][ info ] [ HEADER ] array (
)
info
[2019-10-28T20:15:17+08:00][ info ] [ PARAM ] array (
)
info
[2019-10-28T20:15:22+08:00][ info ] [ LANG ] D:\site\layui\thinkphp\lang\zh-cn.php
info
[2019-10-28T20:15:22+08:00][ info ] [ ROUTE ] array (
)
info
[2019-10-28T20:15:22+08:00][ info ] [ HEADER ] array (
)
info
[2019-10-28T20:15:22+08:00][ info ] [ PARAM ] array (
)
info
[2019-10-28T20:16:11+08:00][ info ] [ LANG ] D:\site\layui\thinkphp\lang\zh-cn.php
info
[2019-10-28T20:16:11+08:00][ info ] [ ROUTE ] array (
)
info
[2019-10-28T20:16:11+08:00][ info ] [ HEADER ] array (
)
info
[2019-10-28T20:16:11+08:00][ info ] [ PARAM ] array (
)
info
[2019-10-28T20:52:39+08:00][ info ] [ LANG ] D:\site\layui\thinkphp\lang\zh-cn.php
info
[2019-10-28T20:52:39+08:00][ info ] [ ROUTE ] array (
)
info
[2019-10-28T20:52:39+08:00][ info ] [ HEADER ] array (
)
info
[2019-10-28T20:52:39+08:00][ info ] [ PARAM ] array (
)
info
[2019-10-28T20:54:09+08:00][ info ] [ LANG ] D:\site\layui\thinkphp\lang\zh-cn.php
info
[2019-10-28T20:54:09+08:00][ info ] [ ROUTE ] array (
)
info
[2019-10-28T20:54:09+08:00][ info ] [ HEADER ] array (
)
info
[2019-10-28T20:54:09+08:00][ info ] [ PARAM ] array (
)
info
[2019-10-28T20:54:52+08:00][ info ] [ LANG ] D:\site\layui\thinkphp\lang\zh-cn.php
info
[2019-10-28T20:54:52+08:00][ info ] [ ROUTE ] array (
)
info
[2019-10-28T20:54:52+08:00][ info ] [ HEADER ] array (
)
info
[2019-10-28T20:54:52+08:00][ info ] [ PARAM ] array (
)
info
[2019-10-28T20:55:03+08:00][ info ] [ LANG ] D:\site\layui\thinkphp\lang\zh-cn.php
info
[2019-10-28T20:55:03+08:00][ info ] [ ROUTE ] array (
)
info
[2019-10-28T20:55:03+08:00][ info ] [ HEADER ] array (
)
info
[2019-10-28T20:55:03+08:00][ info ] [ PARAM ] array (
)
info
[2019-10-28T20:55:23+08:00][ info ] [ LANG ] D:\site\layui\thinkphp\lang\zh-cn.php
info
[2019-10-28T20:55:23+08:00][ info ] [ ROUTE ] array (
)
info
[2019-10-28T20:55:23+08:00][ info ] [ HEADER ] array (
)
info
[2019-10-28T20:55:23+08:00][ info ] [ PARAM ] array (
)
info
[2019-10-28T21:01:07+08:00][ info ] [ LANG ] D:\site\layui\thinkphp\lang\zh-cn.php
info
[2019-10-28T21:01:07+08:00][ info ] [ ROUTE ] array (
)
info
[2019-10-28T21:01:07+08:00][ info ] [ HEADER ] array (
)
info
[2019-10-28T21:01:07+08:00][ info ] [ PARAM ] array (
)
info
[2019-10-28T21:01:19+08:00][ info ] [ LANG ] D:\site\layui\thinkphp\lang\zh-cn.php
info
[2019-10-28T21:01:19+08:00][ info ] [ ROUTE ] array (
)
info
[2019-10-28T21:01:19+08:00][ info ] [ HEADER ] array (
)
info
[2019-10-28T21:01:19+08:00][ info ] [ PARAM ] array (
)
info
[2019-10-28T21:02:23+08:00][ info ] [ LANG ] D:\site\layui\thinkphp\lang\zh-cn.php
info
[2019-10-28T21:02:23+08:00][ info ] [ ROUTE ] array (
)
info
[2019-10-28T21:02:23+08:00][ info ] [ HEADER ] array (
)
info
[2019-10-28T21:02:23+08:00][ info ] [ PARAM ] array (
)
info
[2019-10-28T21:26:41+08:00][ info ] [ LANG ] D:\site\layui\thinkphp\lang\zh-cn.php
info
[2019-10-28T21:26:42+08:00][ info ] [ LANG ] D:\site\layui\thinkphp\lang\zh-cn.php
info
[2019-10-28T21:36:29+08:00][ info ] [ LANG ] D:\site\layui\thinkphp\lang\zh-cn.php
info
[2019-10-28T21:36:42+08:00][ info ] [ LANG ] D:\site\layui\thinkphp\lang\zh-cn.php
info
[2019-10-28T21:37:16+08:00][ info ] [ LANG ] D:\site\layui\thinkphp\lang\zh-cn.php
info
[2019-10-28T21:39:29+08:00][ info ] [ LANG ] D:\site\layui\thinkphp\lang\zh-cn.php
info
[2019-10-28T21:39:29+08:00][ info ] [ ROUTE ] array (
)
info
[2019-10-28T21:39:29+08:00][ info ] [ HEADER ] array (
)
info
[2019-10-28T21:39:29+08:00][ info ] [ PARAM ] array (
)
info
[2019-10-28T21:41:06+08:00][ info ] [ LANG ] D:\site\layui\thinkphp\lang\zh-cn.php
info
[2019-10-28T21:41:06+08:00][ info ] [ ROUTE ] array (
)
info
[2019-10-28T21:41:06+08:00][ info ] [ HEADER ] array (
)
info
[2019-10-28T21:41:06+08:00][ info ] [ PARAM ] array (
)
info
[2019-10-28T21:44:58+08:00][ info ] [ LANG ] D:\site\layui\thinkphp\lang\zh-cn.php
info
[2019-10-28T21:44:58+08:00][ info ] [ ROUTE ] array (
)
info
[2019-10-28T21:44:58+08:00][ info ] [ HEADER ] array (
)
info
[2019-10-28T21:44:58+08:00][ info ] [ PARAM ] array (
)
info
[2019-10-28T21:45:28+08:00][ info ] [ LANG ] D:\site\layui\thinkphp\lang\zh-cn.php
info
[2019-10-28T21:45:28+08:00][ info ] [ ROUTE ] array (
)
info
[2019-10-28T21:45:28+08:00][ info ] [ HEADER ] array (
)
info
[2019-10-28T21:45:28+08:00][ info ] [ PARAM ] array (
)
info
[2019-10-28T21:49:30+08:00][ info ] [ LANG ] D:\site\layui\thinkphp\lang\zh-cn.php
info
[2019-10-28T21:49:30+08:00][ info ] [ ROUTE ] array (
)
info
[2019-10-28T21:49:30+08:00][ info ] [ HEADER ] array (
)
info
[2019-10-28T21:49:30+08:00][ info ] [ PARAM ] array (
)
info
[2019-10-28T21:49:30+08:00][ info ] [ LANG ] D:\site\layui\thinkphp\lang\zh-cn.php
info
[2019-10-28T21:49:30+08:00][ info ] [ ROUTE ] array (
)
info
[2019-10-28T21:49:30+08:00][ info ] [ HEADER ] array (
)
info
[2019-10-28T21:49:30+08:00][ info ] [ PARAM ] array (
)
info
[2019-10-28T21:49:30+08:00][ info ] [ LANG ] D:\site\layui\thinkphp\lang\zh-cn.php
info
[2019-10-28T21:49:30+08:00][ info ] [ ROUTE ] array (
)
info
[2019-10-28T21:49:30+08:00][ info ] [ HEADER ] array (
)
info
[2019-10-28T21:49:30+08:00][ info ] [ PARAM ] array (
)
info
[2019-10-28T21:57:42+08:00][ info ] [ LANG ] D:\site\layui\thinkphp\lang\zh-cn.php
info
[2019-10-28T21:57:42+08:00][ info ] [ ROUTE ] array (
)
info
[2019-10-28T21:57:42+08:00][ info ] [ HEADER ] array (
)
info
[2019-10-28T21:57:42+08:00][ info ] [ PARAM ] array (
)
info
[2019-10-28T21:57:53+08:00][ info ] [ LANG ] D:\site\layui\thinkphp\lang\zh-cn.php
info
[2019-10-28T21:57:53+08:00][ info ] [ ROUTE ] array (
)
info
[2019-10-28T21:57:53+08:00][ info ] [ HEADER ] array (
)
info
[2019-10-28T21:57:53+08:00][ info ] [ PARAM ] array (
)
info
[2019-10-28T21:58:00+08:00][ info ] [ LANG ] D:\site\layui\thinkphp\lang\zh-cn.php
info
[2019-10-28T21:58:00+08:00][ info ] [ ROUTE ] array (
)
info
[2019-10-28T21:58:00+08:00][ info ] [ HEADER ] array (
)
info
[2019-10-28T21:58:00+08:00][ info ] [ PARAM ] array (
)
info
[2019-10-28T22:02:24+08:00][ info ] [ LANG ] D:\site\layui\thinkphp\lang\zh-cn.php
info
[2019-10-28T22:02:24+08:00][ info ] [ ROUTE ] array (
)
info
[2019-10-28T22:02:24+08:00][ info ] [ HEADER ] array (
)
info
[2019-10-28T22:02:24+08:00][ info ] [ PARAM ] array (
)
info
[2019-10-28T22:02:38+08:00][ info ] [ LANG ] D:\site\layui\thinkphp\lang\zh-cn.php
info
[2019-10-28T22:02:38+08:00][ info ] [ ROUTE ] array (
)
info
[2019-10-28T22:02:38+08:00][ info ] [ HEADER ] array (
)
info
[2019-10-28T22:02:38+08:00][ info ] [ PARAM ] array (
)
info
[2019-10-28T22:04:38+08:00][ info ] [ LANG ] D:\site\layui\thinkphp\lang\zh-cn.php
info
[2019-10-28T22:04:38+08:00][ info ] [ ROUTE ] array (
)
info
[2019-10-28T22:04:38+08:00][ info ] [ HEADER ] array (
)
info
[2019-10-28T22:04:38+08:00][ info ] [ PARAM ] array (
)
info
[2019-10-28T22:05:08+08:00][ info ] [ LANG ] D:\site\layui\thinkphp\lang\zh-cn.php
info
[2019-10-28T22:05:08+08:00][ info ] [ ROUTE ] array (
)
info
[2019-10-28T22:05:08+08:00][ info ] [ HEADER ] array (
)
info
[2019-10-28T22:05:08+08:00][ info ] [ PARAM ] array (
)
info
[2019-10-28T22:05:20+08:00][ info ] [ LANG ] D:\site\layui\thinkphp\lang\zh-cn.php
info
[2019-10-28T22:05:20+08:00][ info ] [ ROUTE ] array (
)
info
[2019-10-28T22:05:20+08:00][ info ] [ HEADER ] array (
)
info
[2019-10-28T22:05:20+08:00][ info ] [ PARAM ] array (
)
info
[2019-10-28T22:06:00+08:00][ info ] [ LANG ] D:\site\layui\thinkphp\lang\zh-cn.php
info
[2019-10-28T22:06:00+08:00][ info ] [ ROUTE ] array (
)
info
[2019-10-28T22:06:00+08:00][ info ] [ HEADER ] array (
)
info
[2019-10-28T22:06:00+08:00][ info ] [ PARAM ] array (
)
info
[2019-10-28T22:07:12+08:00][ info ] [ LANG ] D:\site\layui\thinkphp\lang\zh-cn.php
info
[2019-10-28T22:07:12+08:00][ info ] [ ROUTE ] array (
)
info
[2019-10-28T22:07:12+08:00][ info ] [ HEADER ] array (
)
info
[2019-10-28T22:07:12+08:00][ info ] [ PARAM ] array (
)
info
[2019-10-28T22:07:26+08:00][ info ] [ LANG ] D:\site\layui\thinkphp\lang\zh-cn.php
info
[2019-10-28T22:07:26+08:00][ info ] [ ROUTE ] array (
)
info
[2019-10-28T22:07:26+08:00][ info ] [ HEADER ] array (
)
info
[2019-10-28T22:07:26+08:00][ info ] [ PARAM ] array (
)
info
[2019-10-28T22:09:11+08:00][ info ] [ LANG ] D:\site\layui\thinkphp\lang\zh-cn.php
info
[2019-10-28T22:09:11+08:00][ info ] [ ROUTE ] array (
)
info
[2019-10-28T22:09:11+08:00][ info ] [ HEADER ] array (
)
info
[2019-10-28T22:09:11+08:00][ info ] [ PARAM ] array (
)
info
[2019-10-28T22:09:36+08:00][ info ] [ LANG ] D:\site\layui\thinkphp\lang\zh-cn.php
info
[2019-10-28T22:09:36+08:00][ info ] [ ROUTE ] array (
)
info
[2019-10-28T22:09:36+08:00][ info ] [ HEADER ] array (
)
info
[2019-10-28T22:09:36+08:00][ info ] [ PARAM ] array (
)
info
[2019-10-28T22:10:58+08:00][ info ] [ LANG ] D:\site\layui\thinkphp\lang\zh-cn.php
info
[2019-10-28T22:10:58+08:00][ info ] [ ROUTE ] array (
)
info
[2019-10-28T22:10:58+08:00][ info ] [ HEADER ] array (
)
info
[2019-10-28T22:10:58+08:00][ info ] [ PARAM ] array (
)
info
[2019-10-28T22:11:08+08:00][ info ] [ LANG ] D:\site\layui\thinkphp\lang\zh-cn.php
info
[2019-10-28T22:11:08+08:00][ info ] [ ROUTE ] array (
)
info
[2019-10-28T22:11:08+08:00][ info ] [ HEADER ] array (
)
info
[2019-10-28T22:11:08+08:00][ info ] [ PARAM ] array (
)
info
[2019-10-28T22:11:28+08:00][ info ] [ LANG ] D:\site\layui\thinkphp\lang\zh-cn.php
info
[2019-10-28T22:11:28+08:00][ info ] [ ROUTE ] array (
)
info
[2019-10-28T22:11:28+08:00][ info ] [ HEADER ] array (
)
info
[2019-10-28T22:11:28+08:00][ info ] [ PARAM ] array (
)
info
[2019-10-28T22:12:16+08:00][ info ] [ LANG ] D:\site\layui\thinkphp\lang\zh-cn.php
info
[2019-10-28T22:12:16+08:00][ info ] [ ROUTE ] array (
)
info
[2019-10-28T22:12:16+08:00][ info ] [ HEADER ] array (
)
info
[2019-10-28T22:12:16+08:00][ info ] [ PARAM ] array (
)
info
[2019-10-28T22:12:29+08:00][ info ] [ LANG ] D:\site\layui\thinkphp\lang\zh-cn.php
info
[2019-10-28T22:12:29+08:00][ info ] [ ROUTE ] array (
)
info
[2019-10-28T22:12:29+08:00][ info ] [ HEADER ] array (
)
info
[2019-10-28T22:12:29+08:00][ info ] [ PARAM ] array (
)
info
[2019-10-28T22:13:09+08:00][ info ] [ LANG ] D:\site\layui\thinkphp\lang\zh-cn.php
info
[2019-10-28T22:13:09+08:00][ info ] [ ROUTE ] array (
)
info
[2019-10-28T22:13:09+08:00][ info ] [ HEADER ] array (
)
info
[2019-10-28T22:13:09+08:00][ info ] [ PARAM ] array (
)
info
[2019-10-28T22:13:14+08:00][ info ] [ LANG ] D:\site\layui\thinkphp\lang\zh-cn.php
info
[2019-10-28T22:13:14+08:00][ info ] [ ROUTE ] array (
)
info
[2019-10-28T22:13:14+08:00][ info ] [ HEADER ] array (
)
info
[2019-10-28T22:13:14+08:00][ info ] [ PARAM ] array (
)
info
[2019-10-28T22:17:22+08:00][ info ] [ LANG ] D:\site\layui\thinkphp\lang\zh-cn.php
info
[2019-10-28T22:17:22+08:00][ info ] [ ROUTE ] array (
)
info
[2019-10-28T22:17:22+08:00][ info ] [ HEADER ] array (
)
info
[2019-10-28T22:17:22+08:00][ info ] [ PARAM ] array (
)
info
[2019-10-28T22:17:42+08:00][ info ] [ LANG ] D:\site\layui\thinkphp\lang\zh-cn.php
info
[2019-10-28T22:17:42+08:00][ info ] [ ROUTE ] array (
)
info
[2019-10-28T22:17:42+08:00][ info ] [ HEADER ] array (
)
info
[2019-10-28T22:17:42+08:00][ info ] [ PARAM ] array (
)
info
[2019-10-28T22:17:42+08:00][ info ] [ LANG ] D:\site\layui\thinkphp\lang\zh-cn.php
info
[2019-10-28T22:17:42+08:00][ info ] [ ROUTE ] array (
)
info
[2019-10-28T22:17:42+08:00][ info ] [ HEADER ] array (
)
info
[2019-10-28T22:17:42+08:00][ info ] [ PARAM ] array (
)
info
[2019-10-28T22:17:42+08:00][ info ] [ LANG ] D:\site\layui\thinkphp\lang\zh-cn.php
info
[2019-10-28T22:17:42+08:00][ info ] [ ROUTE ] array (
)
info
[2019-10-28T22:17:42+08:00][ info ] [ HEADER ] array (
)
info
[2019-10-28T22:17:42+08:00][ info ] [ PARAM ] array (
)
info
[2019-10-28T22:17:42+08:00][ info ] [ LANG ] D:\site\layui\thinkphp\lang\zh-cn.php
info
[2019-10-28T22:17:42+08:00][ info ] [ ROUTE ] array (
)
info
[2019-10-28T22:17:42+08:00][ info ] [ HEADER ] array (
)
info
[2019-10-28T22:17:42+08:00][ info ] [ PARAM ] array (
)
info
[2019-10-28T22:20:33+08:00][ info ] [ LANG ] D:\site\layui\thinkphp\lang\zh-cn.php
info
[2019-10-28T22:20:33+08:00][ info ] [ ROUTE ] array (
)
info
[2019-10-28T22:20:33+08:00][ info ] [ HEADER ] array (
)
info
[2019-10-28T22:20:33+08:00][ info ] [ PARAM ] array (
)
info
[2019-10-28T22:20:33+08:00][ info ] [ LANG ] D:\site\layui\thinkphp\lang\zh-cn.php
info
[2019-10-28T22:20:33+08:00][ info ] [ ROUTE ] array (
)
info
[2019-10-28T22:20:33+08:00][ info ] [ HEADER ] array (
)
info
[2019-10-28T22:20:33+08:00][ info ] [ PARAM ] array (
)
info
[2019-10-28T22:20:33+08:00][ info ] [ LANG ] D:\site\layui\thinkphp\lang\zh-cn.php
info
[2019-10-28T22:20:33+08:00][ info ] [ ROUTE ] array (
)
info
[2019-10-28T22:20:33+08:00][ info ] [ HEADER ] array (
)
info
[2019-10-28T22:20:33+08:00][ info ] [ PARAM ] array (
)
info
[2019-10-28T22:20:33+08:00][ info ] [ LANG ] D:\site\layui\thinkphp\lang\zh-cn.php
info
[2019-10-28T22:20:33+08:00][ info ] [ ROUTE ] array (
)
info
[2019-10-28T22:20:33+08:00][ info ] [ HEADER ] array (
)
info
[2019-10-28T22:20:33+08:00][ info ] [ PARAM ] array (
)
info
[2019-10-28T22:21:19+08:00][ info ] [ LANG ] D:\site\layui\thinkphp\lang\zh-cn.php
info
[2019-10-28T22:21:19+08:00][ info ] [ ROUTE ] array (
)
info
[2019-10-28T22:21:19+08:00][ info ] [ HEADER ] array (
)
info
[2019-10-28T22:21:19+08:00][ info ] [ PARAM ] array (
)
info
[2019-10-28T22:21:19+08:00][ info ] [ LANG ] D:\site\layui\thinkphp\lang\zh-cn.php
info
[2019-10-28T22:21:20+08:00][ info ] [ ROUTE ] array (
)
info
[2019-10-28T22:21:20+08:00][ info ] [ HEADER ] array (
)
info
[2019-10-28T22:21:20+08:00][ info ] [ PARAM ] array (
)
info
[2019-10-28T22:21:20+08:00][ info ] [ LANG ] D:\site\layui\thinkphp\lang\zh-cn.php
info
[2019-10-28T22:21:20+08:00][ info ] [ ROUTE ] array (
)
info
[2019-10-28T22:21:20+08:00][ info ] [ HEADER ] array (
)
info
[2019-10-28T22:21:20+08:00][ info ] [ PARAM ] array (
)
info
[2019-10-28T22:21:20+08:00][ info ] [ LANG ] D:\site\layui\thinkphp\lang\zh-cn.php
info
[2019-10-28T22:21:20+08:00][ info ] [ ROUTE ] array (
)
info
[2019-10-28T22:21:20+08:00][ info ] [ HEADER ] array (
)
info
[2019-10-28T22:21:20+08:00][ info ] [ PARAM ] array (
)
info
[2019-10-28T22:22:06+08:00][ info ] [ LANG ] D:\site\layui\thinkphp\lang\zh-cn.php
info
[2019-10-28T22:22:07+08:00][ info ] [ ROUTE ] array (
)
info
[2019-10-28T22:22:07+08:00][ info ] [ HEADER ] array (
)
info
[2019-10-28T22:22:07+08:00][ info ] [ PARAM ] array (
)
info
[2019-10-28T22:22:07+08:00][ info ] [ LANG ] D:\site\layui\thinkphp\lang\zh-cn.php
info
[2019-10-28T22:22:07+08:00][ info ] [ ROUTE ] array (
)
info
[2019-10-28T22:22:07+08:00][ info ] [ HEADER ] array (
)
info
[2019-10-28T22:22:07+08:00][ info ] [ PARAM ] array (
)
info
[2019-10-28T22:22:07+08:00][ info ] [ LANG ] D:\site\layui\thinkphp\lang\zh-cn.php
info
[2019-10-28T22:22:07+08:00][ info ] [ LANG ] D:\site\layui\thinkphp\lang\zh-cn.php
info
[2019-10-28T22:22:07+08:00][ info ] [ ROUTE ] array (
)
info
[2019-10-28T22:22:07+08:00][ info ] [ HEADER ] array (
)
info
[2019-10-28T22:22:07+08:00][ info ] [ PARAM ] array (
)
info
[2019-10-28T22:22:07+08:00][ info ] [ ROUTE ] array (
)
info
[2019-10-28T22:22:07+08:00][ info ] [ HEADER ] array (
)
info
[2019-10-28T22:22:07+08:00][ info ] [ PARAM ] array (
)
info
[2019-10-28T22:29:56+08:00][ info ] [ LANG ] D:\site\layui\thinkphp\lang\zh-cn.php
info
[2019-10-28T22:29:56+08:00][ info ] [ ROUTE ] array (
)
info
[2019-10-28T22:29:56+08:00][ info ] [ HEADER ] array (
)
info
[2019-10-28T22:29:56+08:00][ info ] [ PARAM ] array (
)
info
[2019-10-28T22:29:56+08:00][ info ] [ LANG ] D:\site\layui\thinkphp\lang\zh-cn.php
info
[2019-10-28T22:29:56+08:00][ info ] [ ROUTE ] array (
)
info
[2019-10-28T22:29:56+08:00][ info ] [ HEADER ] array (
)
info
[2019-10-28T22:29:56+08:00][ info ] [ PARAM ] array (
)
info
[2019-10-28T23:08:26+08:00][ info ] [ LANG ] D:\site\layui\thinkphp\lang\zh-cn.php
info
[2019-10-28T23:08:39+08:00][ info ] [ LANG ] D:\site\layui\thinkphp\lang\zh-cn.php
info
[2019-10-28T23:08:39+08:00][ info ] [ ROUTE ] array (
)
info
[2019-10-28T23:08:39+08:00][ info ] [ HEADER ] array (
)
info
[2019-10-28T23:08:39+08:00][ info ] [ PARAM ] array (
)
info
[2019-10-28T23:08:39+08:00][ info ] [ LANG ] D:\site\layui\thinkphp\lang\zh-cn.php
info
[2019-10-28T23:08:39+08:00][ info ] [ ROUTE ] array (
)
info
[2019-10-28T23:08:39+08:00][ info ] [ HEADER ] array (
)
info
[2019-10-28T23:08:39+08:00][ info ] [ PARAM ] array (
)
info
[2019-10-28T23:08:39+08:00][ info ] [ LANG ] D:\site\layui\thinkphp\lang\zh-cn.php
info
[2019-10-28T23:08:39+08:00][ info ] [ ROUTE ] array (
)
info
[2019-10-28T23:08:39+08:00][ info ] [ HEADER ] array (
)
info
[2019-10-28T23:08:39+08:00][ info ] [ PARAM ] array (
)
info
[2019-10-28T23:08:39+08:00][ info ] [ LANG ] D:\site\layui\thinkphp\lang\zh-cn.php
info
[2019-10-28T23:08:39+08:00][ info ] [ ROUTE ] array (
)
info
[2019-10-28T23:08:39+08:00][ info ] [ HEADER ] array (
)
info
[2019-10-28T23:08:39+08:00][ info ] [ PARAM ] array (
)
info
[2019-10-28T23:14:36+08:00][ info ] [ LANG ] D:\site\layui\thinkphp\lang\zh-cn.php
info
[2019-10-28T23:25:18+08:00][ info ] [ LANG ] D:\site\layui\thinkphp\lang\zh-cn.php
info
[2019-10-28T23:25:18+08:00][ info ] [ ROUTE ] array (
)
info
[2019-10-28T23:25:18+08:00][ info ] [ HEADER ] array (
)
info
[2019-10-28T23:25:18+08:00][ info ] [ PARAM ] array (
)
info
[2019-10-28T23:25:18+08:00][ info ] [ LANG ] D:\site\layui\thinkphp\lang\zh-cn.php
info
[2019-10-28T23:25:18+08:00][ info ] [ LANG ] D:\site\layui\thinkphp\lang\zh-cn.php
info
[2019-10-28T23:25:18+08:00][ info ] [ ROUTE ] array (
)
info
[2019-10-28T23:25:18+08:00][ info ] [ HEADER ] array (
)
info
[2019-10-28T23:25:18+08:00][ info ] [ PARAM ] array (
)
info
[2019-10-28T23:25:18+08:00][ info ] [ ROUTE ] array (
)
info
[2019-10-28T23:25:18+08:00][ info ] [ HEADER ] array (
)
info
[2019-10-28T23:25:18+08:00][ info ] [ PARAM ] array (
)
info
[2019-10-28T23:26:53+08:00][ info ] [ LANG ] D:\site\layui\thinkphp\lang\zh-cn.php
info
[2019-10-28T23:26:53+08:00][ info ] [ ROUTE ] array (
)
info
[2019-10-28T23:26:53+08:00][ info ] [ HEADER ] array (
)
info
[2019-10-28T23:26:53+08:00][ info ] [ PARAM ] array (
)
info
[2019-10-28T23:26:53+08:00][ info ] [ LANG ] D:\site\layui\thinkphp\lang\zh-cn.php
info
[2019-10-28T23:26:53+08:00][ info ] [ ROUTE ] array (
)
info
[2019-10-28T23:26:53+08:00][ info ] [ HEADER ] array (
)
info
[2019-10-28T23:26:53+08:00][ info ] [ PARAM ] array (
)
info
[2019-10-28T23:26:53+08:00][ info ] [ LANG ] D:\site\layui\thinkphp\lang\zh-cn.php
info
[2019-10-28T23:26:53+08:00][ info ] [ ROUTE ] array (
)
info
[2019-10-28T23:26:53+08:00][ info ] [ HEADER ] array (
)
info
[2019-10-28T23:26:53+08:00][ info ] [ PARAM ] array (
)
info
[2019-10-28T23:26:53+08:00][ info ] [ LANG ] D:\site\layui\thinkphp\lang\zh-cn.php
info
[2019-10-28T23:26:53+08:00][ info ] [ ROUTE ] array (
)
info
[2019-10-28T23:26:53+08:00][ info ] [ HEADER ] array (
)
info
[2019-10-28T23:26:53+08:00][ info ] [ PARAM ] array (
)
info
